<?xml version="1.0" encoding="UTF-8"?>
<testng-results ignored="0" total="2" passed="2" failed="0" skipped="0">
  <reporter-output>
  </reporter-output>
  <suite started-at="2023-07-04T17:20:56 IST" name="Default suite" finished-at="2023-07-04T17:21:13 IST" duration-ms="17309">
    <groups>
    </groups>
    <test started-at="2023-07-04T17:20:56 IST" name="Default test" finished-at="2023-07-04T17:21:13 IST" duration-ms="17309">
      <class name="Generic_Scripts.dataprov">
        <test-method signature="validTest(java.lang.String,java.lang.String)[pri:0, instance:Generic_Scripts.dataprov@4b45a2f5]" started-at="2023-07-04T17:20:56 IST" name="validTest" data-provider="testData" finished-at="2023-07-04T17:21:08 IST" duration-ms="11844" status="PASS">
          <params>
            <param index="0">
              <value>
                <![CDATA[Cedric]]>
              </value>
            </param>
            <param index="1">
              <value>
                <![CDATA[admin]]>
              </value>
            </param>
          </params>
          <reporter-output>
          </reporter-output>
        </test-method> <!-- validTest -->
        <test-method signature="validTest(java.lang.String,java.lang.String)[pri:0, instance:Generic_Scripts.dataprov@4b45a2f5]" started-at="2023-07-04T17:21:08 IST" name="validTest" data-provider="testData" finished-at="2023-07-04T17:21:13 IST" duration-ms="5388" status="PASS">
          <params>
            <param index="0">
              <value>
                <![CDATA[Anne]]>
              </value>
            </param>
            <param index="1">
              <value>
                <![CDATA[manager]]>
              </value>
            </param>
          </params>
          <reporter-output>
          </reporter-output>
        </test-method> <!-- validTest -->
      </class> <!-- Generic_Scripts.dataprov -->
    </test> <!-- Default test -->
  </suite> <!-- Default suite -->
</testng-results>
